Build started 1/28/2011 12:24:03 PM.
     1>Project "C:\projects\rautomation\ext\ListViewExplorer\ListViewExplorer\ListViewExplorer.vcxproj" on node 2 (build target(s)).
     1>InitializeBuildStatus:
         Creating "Debug\ListViewExplorer.unsuccessfulbuild" because "AlwaysCreate" was specified.
       ClCompile:
         All outputs are up-to-date.
         C:\Program Files\Microsoft Visual Studio 10.0\VC\bin\CL.exe /c /ZI /nologo /W3 /WX- /Od /Oy- /D WIN32 /D _DEBUG /D _CONSOLE /D _UNICODE /D UNICODE /Gm /EHsc /RTC1 /MT /GS /fp:precise /Zc:wchar_t /Zc:forScope /Yu"StdAfx.h" /Fp"Debug\ListViewExplorer.pch" /Fo"Debug\\" /Fd"Debug\vc100.pdb" /Gd /TP /analyze- /errorReport:prompt ListViewExplorer.cpp
         ListViewExplorer.cpp
       ManifestResourceCompile:
         All outputs are up-to-date.
       Link:
         C:\Program Files\Microsoft Visual Studio 10.0\VC\bin\link.exe /ERRORREPORT:PROMPT /OUT:"C:\projects\rautomation\ext\ListViewExplorer\Debug\ListViewExplorer.exe" /INCREMENTAL /NOLOGO kernel32.lib user32.lib gdi32.lib winspool.lib comdlg32.lib advapi32.lib shell32.lib ole32.lib oleaut32.lib uuid.lib odbc32.lib odbccp32.lib /MANIFEST /ManifestFile:"Debug\ListViewExplorer.exe.intermediate.manifest" /MANIFESTUAC:"level='asInvoker' uiAccess='false'" /DEBUG /PDB:"C:\projects\rautomation\ext\ListViewExplorer\Debug\ListViewExplorer.pdb" /SUBSYSTEM:CONSOLE /TLBID:1 /DYNAMICBASE /NXCOMPAT /IMPLIB:"C:\projects\rautomation\ext\ListViewExplorer\Debug\ListViewExplorer.lib" /MACHINE:X86 Debug\ListViewExplorer.exe.embed.manifest.res
         Debug\ListViewExplorer.obj
         Debug\stdafx.obj
       Manifest:
         C:\Program Files\Microsoft SDKs\Windows\v7.0A\bin\mt.exe /nologo /verbose /out:"Debug\ListViewExplorer.exe.embed.manifest" /manifest Debug\ListViewExplorer.exe.intermediate.manifest
         All outputs are up-to-date.
       LinkEmbedManifest:
         All outputs are up-to-date.
         ListViewExplorer.vcxproj -> C:\projects\rautomation\ext\ListViewExplorer\Debug\ListViewExplorer.exe
       FinalizeBuildStatus:
         Deleting file "Debug\ListViewExplorer.unsuccessfulbuild".
         Touching "Debug\ListViewExplorer.lastbuildstate".
     1>Done Building Project "C:\projects\rautomation\ext\ListViewExplorer\ListViewExplorer\ListViewExplorer.vcxproj" (build target(s)).

Build succeeded.

Time Elapsed 00:00:00.34
